2026-03-06 00:01:29 | INFO     | Scanned '/Users/mayurlohana/Documents/jobApplication/BASFApplication' — found 7 file(s)
2026-03-06 00:03:01 | INFO     | Scanned '/Users/mayurlohana/Documents/jobApplication/BASFApplication' — found 7 file(s)
2026-03-06 00:03:01 | INFO     | MOVED | '/Users/mayurlohana/Documents/jobApplication/BASFApplication/.DS_Store' -> '/Users/mayurlohana/Documents/jobApplication/BASFApplication/Other/.DS_Store' | at 2026-03-06 00:03:01
2026-03-06 00:03:01 | INFO     | MOVED | '/Users/mayurlohana/Documents/jobApplication/BASFApplication/Mayur_Lohana_Resume_BASF.docx' -> '/Users/mayurlohana/Documents/jobApplication/BASFApplication/Documents/Mayur_Lohana_Resume_BASF.docx' | at 2026-03-06 00:03:01
2026-03-06 00:03:01 | INFO     | MOVED | '/Users/mayurlohana/Documents/jobApplication/BASFApplication/Mayur_Lohana_CoverLetter_BASF.pdf' -> '/Users/mayurlohana/Documents/jobApplication/BASFApplication/Documents/Mayur_Lohana_CoverLetter_BASF.pdf' | at 2026-03-06 00:03:01
2026-03-06 00:03:01 | INFO     | MOVED | '/Users/mayurlohana/Documents/jobApplication/BASFApplication/Mayur_Lohana_Resume_BASF.pdf' -> '/Users/mayurlohana/Documents/jobApplication/BASFApplication/Documents/Mayur_Lohana_Resume_BASF.pdf' | at 2026-03-06 00:03:01
2026-03-06 00:03:01 | INFO     | MOVED | '/Users/mayurlohana/Documents/jobApplication/BASFApplication/Mayur_Lohana_CoverLetter_BASF.docx' -> '/Users/mayurlohana/Documents/jobApplication/BASFApplication/Documents/Mayur_Lohana_CoverLetter_BASF.docx' | at 2026-03-06 00:03:01
2026-03-06 00:03:01 | INFO     | MOVED | '/Users/mayurlohana/Documents/jobApplication/BASFApplication/project1_process-anomaly-detection.zip' -> '/Users/mayurlohana/Documents/jobApplication/BASFApplication/Archives/project1_process-anomaly-detection.zip' | at 2026-03-06 00:03:01
2026-03-06 00:03:01 | INFO     | MOVED | '/Users/mayurlohana/Documents/jobApplication/BASFApplication/project2_process-qa-rag.zip' -> '/Users/mayurlohana/Documents/jobApplication/BASFApplication/Archives/project2_process-qa-rag.zip' | at 2026-03-06 00:03:01
2026-03-06 00:03:01 | INFO     | SUMMARY | Total: 7 | Moved: 7 | Skipped: 0 | Errors: 0
2026-03-06 00:03:06 | INFO     | Scanned '/Users/mayurlohana/Documents/jobApplication/BASFApplication' — found 0 file(s)
2026-03-06 00:04:14 | INFO     | UNDO  | '/Users/mayurlohana/Documents/jobApplication/BASFApplication/Archives/project2_process-qa-rag.zip' -> '/Users/mayurlohana/Documents/jobApplication/BASFApplication/project2_process-qa-rag.zip'
2026-03-06 00:04:16 | INFO     | Scanned '/Users/mayurlohana/Documents/jobApplication/BASFApplication' — found 2 file(s)
2026-03-06 00:04:22 | INFO     | UNDO  | '/Users/mayurlohana/Documents/jobApplication/BASFApplication/Archives/project1_process-anomaly-detection.zip' -> '/Users/mayurlohana/Documents/jobApplication/BASFApplication/project1_process-anomaly-detection.zip'
2026-03-06 00:04:22 | INFO     | Removed empty folder: '/Users/mayurlohana/Documents/jobApplication/BASFApplication/Archives'
2026-03-06 00:04:24 | INFO     | Scanned '/Users/mayurlohana/Documents/jobApplication/BASFApplication' — found 3 file(s)
2026-03-06 00:04:27 | INFO     | UNDO  | '/Users/mayurlohana/Documents/jobApplication/BASFApplication/Documents/Mayur_Lohana_CoverLetter_BASF.docx' -> '/Users/mayurlohana/Documents/jobApplication/BASFApplication/Mayur_Lohana_CoverLetter_BASF.docx'
2026-03-06 00:04:28 | INFO     | Scanned '/Users/mayurlohana/Documents/jobApplication/BASFApplication' — found 4 file(s)
2026-03-06 00:04:30 | INFO     | UNDO  | '/Users/mayurlohana/Documents/jobApplication/BASFApplication/Documents/Mayur_Lohana_Resume_BASF.pdf' -> '/Users/mayurlohana/Documents/jobApplication/BASFApplication/Mayur_Lohana_Resume_BASF.pdf'
2026-03-06 00:04:31 | INFO     | Scanned '/Users/mayurlohana/Documents/jobApplication/BASFApplication' — found 5 file(s)
2026-03-06 00:04:32 | INFO     | UNDO  | '/Users/mayurlohana/Documents/jobApplication/BASFApplication/Documents/Mayur_Lohana_CoverLetter_BASF.pdf' -> '/Users/mayurlohana/Documents/jobApplication/BASFApplication/Mayur_Lohana_CoverLetter_BASF.pdf'
2026-03-06 00:04:33 | INFO     | Scanned '/Users/mayurlohana/Documents/jobApplication/BASFApplication' — found 6 file(s)
2026-03-06 00:04:34 | INFO     | UNDO  | '/Users/mayurlohana/Documents/jobApplication/BASFApplication/Documents/Mayur_Lohana_Resume_BASF.docx' -> '/Users/mayurlohana/Documents/jobApplication/BASFApplication/Mayur_Lohana_Resume_BASF.docx'
2026-03-06 00:04:34 | INFO     | Removed empty folder: '/Users/mayurlohana/Documents/jobApplication/BASFApplication/Documents'
2026-03-06 00:04:35 | INFO     | Scanned '/Users/mayurlohana/Documents/jobApplication/BASFApplication' — found 7 file(s)
2026-03-06 00:04:37 | INFO     | UNDO  | '/Users/mayurlohana/Documents/jobApplication/BASFApplication/Other/.DS_Store' -> '/Users/mayurlohana/Documents/jobApplication/BASFApplication/.DS_Store'
2026-03-06 00:04:37 | INFO     | Removed empty folder: '/Users/mayurlohana/Documents/jobApplication/BASFApplication/Other'
2026-03-06 00:04:38 | INFO     | Scanned '/Users/mayurlohana/Documents/jobApplication/BASFApplication' — found 7 file(s)
